#
# There is insufficient memory for the Java Runtime Environment to continue.
# Native memory allocation (malloc) failed to allocate 32744 bytes for ChunkPool::allocate
# Possible reasons:
#   The system is out of physical RAM or swap space
#   In 32 bit mode, the process size limit was hit
# Possible solutions:
#   Reduce memory load on the system
#   Increase physical memory or swap space
#   Check if swap backing store is full
#   Use 64 bit Java on a 64 bit OS
#   Decrease Java heap size (-Xmx/-Xms)
#   Decrease number of Java threads
#   Decrease Java thread stack sizes (-Xss)
#   Set larger code cache with -XX:ReservedCodeCacheSize=
# This output file may be truncated or incomplete.
#
#  Out of Memory Error (allocation.cpp:273), pid=12088, tid=988
#
# JRE version: Java(TM) SE Runtime Environment (8.0_51-b16) (build 1.8.0_51-b16)
# Java VM: Java HotSpot(TM) 64-Bit Server VM (25.51-b03 mixed mode windows-amd64 compressed oops)
# Failed to write core dump. Minidumps are not enabled by default on client versions of Windows
#

---------------  T H R E A D  ---------------

Current thread (0x00000000149b8000):  JavaThread "C2 CompilerThread1" daemon [_thread_in_native, id=988, stack(0x0000000015fc0000,0x00000000160c0000)]

Stack: [0x0000000015fc0000,0x00000000160c0000]
[error occurred during error reporting (printing stack bounds), id 0xc0000005]

Native frames: (J=compiled Java code, j=interpreted, Vv=VM code, C=native code)
V  [jvm.dll+0x32b4ca]
V  [jvm.dll+0x2797e3]
V  [jvm.dll+0x27a479]
V  [jvm.dll+0x293446]
V  [jvm.dll+0x297d3c]
V  [jvm.dll+0x5ca9cf]
C  [msvcr100.dll+0x712e3]
V  [jvm.dll+0x5ca0cd]
C  [ntdll.dll+0x963bd]
C  [ntdll.dll+0x13c00]
C  [ntdll.dll+0x954ca]
V  [jvm.dll+0x21bbc1]


Current CompileTask:
C2:   3428 1519       4       com.android.dx.ssa.LocalVariableExtractor::processBlock (383 bytes)


---------------  P R O C E S S  ---------------

Java Threads: ( => current thread )
  0x0000000016420800 JavaThread "pool-1-thread-4" [_thread_in_Java, id=9560, stack(0x0000000016bc0000,0x0000000016cc0000)]
  0x0000000016420000 JavaThread "pool-1-thread-3" [_thread_in_Java, id=12176, stack(0x0000000016ac0000,0x0000000016bc0000)]
  0x000000001641f000 JavaThread "pool-1-thread-2" [_thread_blocked, id=9904, stack(0x00000000169c0000,0x0000000016ac0000)]
  0x000000001641a000 JavaThread "pool-2-thread-1" [_thread_blocked, id=11544, stack(0x00000000168c0000,0x00000000169c0000)]
  0x0000000016415800 JavaThread "pool-1-thread-1" [_thread_blocked, id=3104, stack(0x00000000167c0000,0x00000000168c0000)]
  0x00000000161c5000 JavaThread "Service Thread" daemon [_thread_blocked, id=11772, stack(0x00000000165c0000,0x00000000166c0000)]
  0x00000000149ba800 JavaThread "C1 CompilerThread2" daemon [_thread_in_native, id=10508, stack(0x00000000160c0000,0x00000000161c0000)]
=>0x00000000149b8000 JavaThread "C2 CompilerThread1" daemon [_thread_in_native, id=988, stack(0x0000000015fc0000,0x00000000160c0000)]
  0x000000001495f000 JavaThread "C2 CompilerThread0" daemon [_thread_in_native, id=10892, stack(0x0000000015ec0000,0x0000000015fc0000)]
  0x000000001495a800 JavaThread "Attach Listener" daemon [_thread_blocked, id=10260, stack(0x0000000015dc0000,0x0000000015ec0000)]
  0x0000000014959800 JavaThread "Signal Dispatcher" daemon [_thread_blocked, id=12404, stack(0x0000000015cc0000,0x0000000015dc0000)]
  0x0000000002286800 JavaThread "Finalizer" daemon [_thread_blocked, id=10316, stack(0x0000000015bc0000,0x0000000015cc0000)]
  0x000000000227e800 JavaThread "Reference Handler" daemon [_thread_blocked, id=8208, stack(0x0000000015ac0000,0x0000000015bc0000)]
  0x0000000001f1d800 JavaThread "main" [_thread_in_native, id=9116, stack(0x0000000001f90000,0x0000000002090000)]

Other Threads:
  0x0000000014927800 VMThread [stack: 0x00000000159c0000,0x0000000015ac0000] [id=13132]
  0x00000000161c6800 WatcherThread [stack: 0x00000000166c0000,0x00000000167c0000] [id=2736]

VM state:not at safepoint (normal execution)

VM Mutex/Monitor currently owned by a thread: None

Heap:
 PSYoungGen      total 38400K, used 22827K [0x00000000eab00000, 0x00000000ef600000, 0x0000000100000000)
  eden space 33280K, 53% used [0x00000000eab00000,0x00000000ebc51e78,0x00000000ecb80000)
  from space 5120K, 99% used [0x00000000ed080000,0x00000000ed5790f0,0x00000000ed580000)
  to   space 5120K, 0% used [0x00000000ecb80000,0x00000000ecb80000,0x00000000ed080000)
 ParOldGen       total 87552K, used 6185K [0x00000000c0000000, 0x00000000c5580000, 0x00000000eab00000)
  object space 87552K, 7% used [0x00000000c0000000,0x00000000c060a698,0x00000000c5580000)
 Metaspace       used 6084K, capacity 7088K, committed 7296K, reserved 1056768K
  class space    used 585K, capacity 616K, committed 640K, reserved 1048576K

Card table byte_map: [0x0000000011650000,0x0000000011860000] byte_map_base: 0x0000000011050000

Marking Bits: (ParMarkBitMap*) 0x000000006f104040
 Begin Bits: [0x0000000011dc0000, 0x0000000012dc0000)
 End Bits:   [0x0000000012dc0000, 0x0000000013dc0000)

Polling page: 0x0000000000880000

CodeCache: size=245760Kb used=6291Kb max_used=6291Kb free=239468Kb
 bounds [0x0000000002290000, 0x00000000028c0000, 0x0000000011290000]
 total_blobs=1855 nmethods=1586 adapters=182
 compilation: enabled

Compilation events (10 events):
Event: 3.400 Thread 0x00000000149ba800 nmethod 1611 0x00000000028b5d50 code [0x00000000028b5ec0, 0x00000000028b60e8]
Event: 3.402 Thread 0x00000000149ba800 1612       2       com.android.dx.cf.attrib.InnerClassList::set (19 bytes)
Event: 3.402 Thread 0x00000000149ba800 nmethod 1612 0x00000000028b61d0 code [0x00000000028b6380, 0x00000000028b6898]
Event: 3.404 Thread 0x00000000149ba800 1613       2       com.android.dx.cf.code.ExecutionStack::makeInitialized (51 bytes)
Event: 3.404 Thread 0x00000000149ba800 nmethod 1613 0x00000000028b6e90 code [0x00000000028b7020, 0x00000000028b73b8]
Event: 3.406 Thread 0x00000000149ba800 1614       2       com.android.dx.dex.file.ClassDefItem::addInstanceField (9 bytes)
Event: 3.406 Thread 0x00000000149ba800 nmethod 1614 0x00000000028b7650 code [0x00000000028b77e0, 0x00000000028b7b18]
Event: 3.414 Thread 0x00000000149ba800 1618       2       com.android.dx.dex.code.OutputCollector::appendSuffixToOutput (45 bytes)
Event: 3.415 Thread 0x00000000149ba800 nmethod 1618 0x00000000028b7dd0 code [0x00000000028b7f80, 0x00000000028b8458]
Event: 3.415 Thread 0x00000000149ba800 1615       2       com.android.dx.rop.code.LocalVariableInfo::<init> (82 bytes)

GC Heap History (4 events):
Event: 2.534 GC heap before
{Heap before GC invocations=1 (full 0):
 PSYoungGen      total 38400K, used 33280K [0x00000000eab00000, 0x00000000ed580000, 0x0000000100000000)
  eden space 33280K, 100% used [0x00000000eab00000,0x00000000ecb80000,0x00000000ecb80000)
  from space 5120K, 0% used [0x00000000ed080000,0x00000000ed080000,0x00000000ed580000)
  to   space 5120K, 0% used [0x00000000ecb80000,0x00000000ecb80000,0x00000000ed080000)
 ParOldGen       total 87552K, used 0K [0x00000000c0000000, 0x00000000c5580000, 0x00000000eab00000)
  object space 87552K, 0% used [0x00000000c0000000,0x00000000c0000000,0x00000000c5580000)
 Metaspace       used 5896K, capacity 6960K, committed 7040K, reserved 1056768K
  class space    used 584K, capacity 616K, committed 640K, reserved 1048576K
Event: 2.550 GC heap after
Heap after GC invocations=1 (full 0):
 PSYoungGen      total 38400K, used 5095K [0x00000000eab00000, 0x00000000ed580000, 0x0000000100000000)
  eden space 33280K, 0% used [0x00000000eab00000,0x00000000eab00000,0x00000000ecb80000)
  from space 5120K, 99% used [0x00000000ecb80000,0x00000000ed079c98,0x00000000ed080000)
  to   space 5120K, 0% used [0x00000000ed080000,0x00000000ed080000,0x00000000ed580000)
 ParOldGen       total 87552K, used 1555K [0x00000000c0000000, 0x00000000c5580000, 0x00000000eab00000)
  object space 87552K, 1% used [0x00000000c0000000,0x00000000c0184f68,0x00000000c5580000)
 Metaspace       used 5896K, capacity 6960K, committed 7040K, reserved 1056768K
  class space    used 584K, capacity 616K, committed 640K, reserved 1048576K
}
Event: 3.231 GC heap before
{Heap before GC invocations=2 (full 0):
 PSYoungGen      total 38400K, used 38375K [0x00000000eab00000, 0x00000000ed580000, 0x0000000100000000)
  eden space 33280K, 100% used [0x00000000eab00000,0x00000000ecb80000,0x00000000ecb80000)
  from space 5120K, 99% used [0x00000000ecb80000,0x00000000ed079c98,0x00000000ed080000)
  to   space 5120K, 0% used [0x00000000ed080000,0x00000000ed080000,0x00000000ed580000)
 ParOldGen       total 87552K, used 1555K [0x00000000c0000000, 0x00000000c5580000, 0x00000000eab00000)
  object space 87552K, 1% used [0x00000000c0000000,0x00000000c0184f68,0x00000000c5580000)
 Metaspace       used 6060K, capacity 7088K, committed 7296K, reserved 1056768K
  class space    used 585K, capacity 616K, committed 640K, reserved 1048576K
Event: 3.296 GC heap after
Heap after GC invocations=2 (full 0):
 PSYoungGen      total 38400K, used 5092K [0x00000000eab00000, 0x00000000ef600000, 0x0000000100000000)
  eden space 33280K, 0% used [0x00000000eab00000,0x00000000eab00000,0x00000000ecb80000)
  from space 5120K, 99% used [0x00000000ed080000,0x00000000ed5790f0,0x00000000ed580000)
  to   space 5120K, 0% used [0x00000000ecb80000,0x00000000ecb80000,0x00000000ed080000)
 ParOldGen       total 87552K, used 6185K [0x00000000c0000000, 0x00000000c5580000, 0x00000000eab00000)
  object space 87552K, 7% used [0x00000000c0000000,0x00000000c060a698,0x00000000c5580000)
 Metaspace       used 6060K, capacity 7088K, committed 7296K, reserved 1056768K
  class space    used 585K, capacity 616K, committed 640K, reserved 1048576K
}

Deoptimization events (10 events):
Event: 2.353 Thread 0x0000000016420000 Uncommon trap: reason=class_check action=maybe_recompile pc=0x00000000026e6b40 method=java.util.HashMap.putVal(ILjava/lang/Object;Ljava/lang/Object;ZZ)Ljava/lang/Object; @ 203
Event: 2.353 Thread 0x0000000016420000 Uncommon trap: reason=bimorphic action=maybe_recompile pc=0x00000000024cd79c method=java.util.HashMap.getNode(ILjava/lang/Object;)Ljava/util/HashMap$Node; @ 126
Event: 2.426 Thread 0x000000001641f000 Uncommon trap: reason=bimorphic action=maybe_recompile pc=0x00000000024cd79c method=java.util.HashMap.getNode(ILjava/lang/Object;)Ljava/util/HashMap$Node; @ 126
Event: 2.426 Thread 0x000000001641f000 Uncommon trap: reason=bimorphic action=maybe_recompile pc=0x00000000026bfcfc method=java.util.HashMap.getNode(ILjava/lang/Object;)Ljava/util/HashMap$Node; @ 126
Event: 2.589 Thread 0x0000000016415800 Uncommon trap: reason=unstable_if action=reinterpret pc=0x00000000026d03d4 method=com.android.dx.rop.code.RegisterSpec.equals(ILcom/android/dx/rop/type/TypeBearer;Lcom/android/dx/rop/code/LocalItem;)Z @ 42
Event: 2.703 Thread 0x0000000016420000 Uncommon trap: reason=unstable_if action=reinterpret pc=0x00000000025ec8ac method=com.android.dx.rop.code.RegisterSpecSet.put(Lcom/android/dx/rop/code/RegisterSpec;)V @ 77
Event: 2.703 Thread 0x0000000016420000 Uncommon trap: reason=unstable_if action=reinterpret pc=0x00000000026506e0 method=com.android.dx.rop.code.RegisterSpecSet.put(Lcom/android/dx/rop/code/RegisterSpec;)V @ 77
Event: 2.746 Thread 0x0000000001f1d800 Uncommon trap: reason=unstable_if action=reinterpret pc=0x00000000026d5938 method=com.android.dx.cf.code.Ropper.labelToResultIndex(I)I @ 34
Event: 3.341 Thread 0x000000001641f000 Uncommon trap: reason=class_check action=maybe_recompile pc=0x00000000026e6b40 method=java.util.HashMap.putVal(ILjava/lang/Object;Ljava/lang/Object;ZZ)Ljava/lang/Object; @ 203
Event: 3.393 Thread 0x000000001641f000 Uncommon trap: reason=class_check action=maybe_recompile pc=0x00000000026e6b40 method=java.util.HashMap.putVal(ILjava/lang/Object;Ljava/lang/Object;ZZ)Ljava/lang/Object; @ 203

Internal exceptions (4 events):
Event: 0.442 Thread 0x0000000001f1d800 Exception <a 'java/lang/NoSuchMethodError': Method sun.misc.Unsafe.defineClass(Ljava/lang/String;[BII)Ljava/lang/Class; name or signature does not match> (0x00000000eab12f38) thrown at [C:\re\workspace\8-2-build-windows-amd64-cygwin\jdk8u51\3951\hotspot\sr=wZE OÜ?
Event: 0.442 Thread 0x0000000001f1d800 Exception <a 'java/lang/NoSuchMethodError': Method sun.misc.Unsafe.prefetchRead(Ljava/lang/Object;J)V name or signature does not match> (0x00000000eab131c8) thrown at [C:\re\workspace\8-2-build-windows-amd64-cygwin\jdk8u51\3951\hotspot\src\share\vm\prims\jœàå†;ø
Event: 2.121 Thread 0x000000001641f000 Implicit null exception at 0x00000000025c2abb to 0x00000000025c4fc9
Event: 2.278 Thread 0x000000001641f000 Implicit null exception at 0x00000000026428a2 to 0x0000000002642992

Events (10 events):
Event: 2.746 Thread 0x0000000001f1d800 DEOPT PACKING pc=0x00000000026d5938 sp=0x000000000208e260
Event: 2.746 Thread 0x0000000001f1d800 DEOPT UNPACKING pc=0x00000000022d582a sp=0x000000000208e208 mode 2
Event: 3.203 Executing VM operation: ParallelGCFailedAllocation
Event: 3.296 Executing VM operation: ParallelGCFailedAllocation done
Event: 3.341 Thread 0x000000001641f000 Uncommon trap: trap_request=0xffffffde fr.pc=0x00000000026e6b40
Event: 3.341 Thread 0x000000001641f000 DEOPT PACKING pc=0x00000000026e6b40 sp=0x0000000016abe8d0
Event: 3.341 Thread 0x000000001641f000 DEOPT UNPACKING pc=0x00000000022d582a sp=0x0000000016abe858 mode 2
Event: 3.393 Thread 0x000000001641f000 Uncommon trap: trap_request=0xffffffde fr.pc=0x00000000026e6b40
Event: 3.393 Thread 0x000000001641f000 DEOPT PACKING pc=0x00000000026e6b40 sp=0x0000000016abe7a0
Event: 3.393 Thread 0x000000001641f000 DEOPT UNPACKING pc=0x00000000022d582a sp=0x0000000016abe728 mode 2


Dynamic libraries:
0x00007ff652bd0000 - 0x00007ff652c07000 	C:\Program Files\Java\jdk1.8.0_51\bin\java.exe
0x00007ffb9c400000 - 0x00007ffb9c5c1000 	C:\Windows\SYSTEM32\ntdll.dll
0x00007ffb9a090000 - 0x00007ffb9a13d000 	C:\Windows\system32\KERNEL32.DLL
0x00007ffb99840000 - 0x00007ffb99a1d000 	C:\Windows\system32\KERNELBASE.dll
0x00007ffb9a140000 - 0x00007ffb9a1e6000 	C:\Windows\system32\ADVAPI32.dll
0x00007ffb99ca0000 - 0x00007ffb99d3d000 	C:\Windows\system32\msvcrt.dll
0x00007ffb9aa00000 - 0x00007ffb9aa5b000 	C:\Windows\system32\sechost.dll
0x00007ffb9a330000 - 0x00007ffb9a456000 	C:\Windows\system32\RPCRT4.dll
0x00007ffb9a5a0000 - 0x00007ffb9a6ee000 	C:\Windows\system32\USER32.dll
0x00007ffb9c260000 - 0x00007ffb9c3e6000 	C:\Windows\system32\GDI32.dll
0x00007ffb93810000 - 0x00007ffb93a84000 	C:\Windows\WinSxS\amd64_microsoft.windows.common-controls_6595b64144ccf1df_6.0.10240.16384_none_f41f7b285750ef43\COMCTL32.dll
0x00007ffb9c1c0000 - 0x00007ffb9c1f6000 	C:\Windows\system32\IMM32.DLL
0x00007ffb9a840000 - 0x00007ffb9a99c000 	C:\Windows\system32\MSCTF.dll
0x000000006f190000 - 0x000000006f262000 	C:\Program Files\Java\jdk1.8.0_51\jre\bin\msvcr100.dll
0x000000006e900000 - 0x000000006f183000 	C:\Program Files\Java\jdk1.8.0_51\jre\bin\server\jvm.dll
0x00007ffb9aa60000 - 0x00007ffb9aa68000 	C:\Windows\system32\PSAPI.DLL
0x00007ffb8f080000 - 0x00007ffb8f089000 	C:\Windows\SYSTEM32\WSOCK32.dll
0x00007ffb9aa70000 - 0x00007ffb9aad9000 	C:\Windows\system32\WS2_32.dll
0x00007ffb99e00000 - 0x00007ffb99e08000 	C:\Windows\system32\NSI.dll
0x00007ffb974b0000 - 0x00007ffb974d3000 	C:\Windows\SYSTEM32\WINMM.dll
0x00007ffb94770000 - 0x00007ffb9477a000 	C:\Windows\SYSTEM32\VERSION.dll
0x00007ffb97450000 - 0x00007ffb9747c000 	C:\Windows\SYSTEM32\WINMMBASE.dll
0x00007ffb98ed0000 - 0x00007ffb98f14000 	C:\Windows\system32\cfgmgr32.dll
0x00007ffb977a0000 - 0x00007ffb977c7000 	C:\Windows\SYSTEM32\DEVOBJ.dll
0x000000006fe90000 - 0x000000006fe9f000 	C:\Program Files\Java\jdk1.8.0_51\jre\bin\verify.dll
0x000000006fcd0000 - 0x000000006fcf9000 	C:\Program Files\Java\jdk1.8.0_51\jre\bin\java.dll
0x000000006e8e0000 - 0x000000006e8f6000 	C:\Program Files\Java\jdk1.8.0_51\jre\bin\zip.dll
0x00007ffb9ac90000 - 0x00007ffb9c1b2000 	C:\Windows\system32\SHELL32.dll
0x00007ffb99210000 - 0x00007ffb99838000 	C:\Windows\system32\windows.storage.dll
0x00007ffb99e10000 - 0x00007ffb9a08c000 	C:\Windows\system32\combase.dll
0x00007ffb9c200000 - 0x00007ffb9c251000 	C:\Windows\system32\shlwapi.dll
0x00007ffb98ea0000 - 0x00007ffb98eaf000 	C:\Windows\system32\kernel.appcore.dll
0x00007ffb99150000 - 0x00007ffb99203000 	C:\Windows\system32\shcore.dll
0x00007ffb98e30000 - 0x00007ffb98e7a000 	C:\Windows\system32\powrprof.dll
0x00007ffb98eb0000 - 0x00007ffb98ec3000 	C:\Windows\system32\profapi.dll
0x00007ffb90170000 - 0x00007ffb902fa000 	C:\Windows\SYSTEM32\dbghelp.dll

VM Arguments:
jvm_args: -Djava.awt.headless=true -Xmx1024M -Dfile.encoding=windows-1250 -Duser.country=PL -Duser.language=pl -Duser.variant 
java_command: com.android.dx.command.Main --dex --num-threads=4 --output C:\Users\Nerexis\AndroidStudioProjects\ProjektMyRower\mobile\build\intermediates\pre-dexed\debug\com.android.support-design-23.1.1_988e64dab521657137f7e21daf85b4940f6e90ff.jar C:\Users\Nerexis\AndroidStudioProjects\ProjektMyRower\mobile\build\intermediates\exploded-aar\com.android.support\design\23.1.1\jars\classes.jar
java_class_path (initial): E:\Programy\Android_SDK\build-tools\23.0.1\lib\dx.jar
Launcher Type: SUN_STANDARD

Environment Variables:
PATH=C:\ProgramData\Oracle\Java\javapath;E:\Engine\Engine\gtkmm64\bin;C:\Program Files (x86)\Skype\Phone\;C:\Program Files\Microsoft SQL Server\110\Tools\Binn\;C:\Program Files (x86)\Microsoft SDKs\TypeScript\1.0\;C:\Program Files (x86)\Windows Kits\10\Windows Performance Toolkit\;C:\Program Files (x86)\Microsoft Emulator Manager\1.0\;C:\Program Files\OpenVPN\bin;C:\Users\Nerexis\.dnx\bin;C:\Program Files\Intel\WiFi\bin\;C:\Program Files\Common Files\Intel\WirelessCommon\;C:\Users\Nerexis\AppData\Roaming\npm;C:\Program Files (x86)\Microsoft Visual Studio 12.0\VC
USERNAME=Nerexis
OS=Windows_NT
PROCESSOR_IDENTIFIER=Intel64 Family 6 Model 58 Stepping 9, GenuineIntel



---------------  S Y S T E M  ---------------

OS: Windows 10.0 , 64 bit Build 10240 (10.0.10240.16384)

CPU:total 4 (2 cores per cpu, 2 threads per core) family 6 model 58 stepping 9, cmov, cx8, fxsr, mmx, sse, sse2, sse3, ssse3, sse4.1, sse4.2, popcnt, avx, aes, clmul, erms, ht, tsc, tscinvbit, tscinv

Memory: 4k page, physical 8283076k(1984212k free), swap 14427076k(175592k free)

vm_info: Java HotSpot(TM) 64-Bit Server VM (25.51-b03) for windows-amd64 JRE (1.8.0_51-b16), built on Jun  8 2015 18:03:07 by "java_re" with MS VC++ 10.0 (VS2010)

time: Mon Jan 25 19:09:03 2016
elapsed time: 3 seconds (0d 0h 0m 3s)

