#
# There is insufficient memory for the Java Runtime Environment to continue.
# Native memory allocation (malloc) failed to allocate 32744 bytes for ChunkPool::allocate
# Possible reasons:
#   The system is out of physical RAM or swap space
#   In 32 bit mode, the process size limit was hit
# Possible solutions:
#   Reduce memory load on the system
#   Increase physical memory or swap space
#   Check if swap backing store is full
#   Use 64 bit Java on a 64 bit OS
#   Decrease Java heap size (-Xmx/-Xms)
#   Decrease number of Java threads
#   Decrease Java thread stack sizes (-Xss)
#   Set larger code cache with -XX:ReservedCodeCacheSize=
# This output file may be truncated or incomplete.
#
#  Out of Memory Error (allocation.cpp:273), pid=12104, tid=11904
#
# JRE version: Java(TM) SE Runtime Environment (8.0_51-b16) (build 1.8.0_51-b16)
# Java VM: Java HotSpot(TM) 64-Bit Server VM (25.51-b03 mixed mode windows-amd64 compressed oops)
# Failed to write core dump. Minidumps are not enabled by default on client versions of Windows
#

---------------  T H R E A D  ---------------

Current thread (0x0000000014f31000):  JavaThread "C2 CompilerThread1" daemon [_thread_in_native, id=11904, stack(0x0000000016540000,0x0000000016640000)]

Stack: [0x0000000016540000,0x0000000016640000]
[error occurred during error reporting (printing stack bounds), id 0xc0000005]

Native frames: (J=compiled Java code, j=interpreted, Vv=VM code, C=native code)
V  [jvm.dll+0x32b4ca]


Current CompileTask:
C2:   1383  590       4       com.android.dx.ssa.NormalSsaInsn::isNormalMoveInsn (20 bytes)


---------------  P R O C E S S  ---------------

Java Threads: ( => current thread )
  0x0000000016983800 JavaThread "pool-1-thread-4" [_thread_in_Java, id=11896, stack(0x0000000017140000,0x0000000017240000)]
  0x000000001696a800 JavaThread "pool-1-thread-3" [_thread_in_Java, id=8128, stack(0x0000000017040000,0x0000000017140000)]
  0x00000000168a5000 JavaThread "pool-1-thread-2" [_thread_blocked, id=2556, stack(0x0000000016f40000,0x0000000017040000)]
  0x000000001689d800 JavaThread "pool-2-thread-1" [_thread_blocked, id=11132, stack(0x0000000016e40000,0x0000000016f40000)]
  0x0000000016898000 JavaThread "pool-1-thread-1" [_thread_in_vm, id=11592, stack(0x0000000016d40000,0x0000000016e40000)]
  0x0000000016740800 JavaThread "Service Thread" daemon [_thread_blocked, id=4184, stack(0x0000000016b40000,0x0000000016c40000)]
  0x0000000014f3c000 JavaThread "C1 CompilerThread2" daemon [_thread_in_vm, id=2272, stack(0x0000000016640000,0x0000000016740000)]
=>0x0000000014f31000 JavaThread "C2 CompilerThread1" daemon [_thread_in_native, id=11904, stack(0x0000000016540000,0x0000000016640000)]
  0x0000000014ee0000 JavaThread "C2 CompilerThread0" daemon [_thread_in_native, id=12556, stack(0x0000000016440000,0x0000000016540000)]
  0x0000000014edc000 JavaThread "Attach Listener" daemon [_thread_blocked, id=9652, stack(0x0000000016340000,0x0000000016440000)]
  0x0000000014eda800 JavaThread "Signal Dispatcher" daemon [_thread_blocked, id=8176, stack(0x0000000016240000,0x0000000016340000)]
  0x0000000002801000 JavaThread "Finalizer" daemon [_thread_blocked, id=10628, stack(0x0000000016140000,0x0000000016240000)]
  0x00000000027fe000 JavaThread "Reference Handler" daemon [_thread_blocked, id=10364, stack(0x0000000016040000,0x0000000016140000)]
  0x000000000243d800 JavaThread "main" [_thread_in_Java, id=3684, stack(0x0000000002510000,0x0000000002610000)]

Other Threads:
  0x0000000014ea7800 VMThread [stack: 0x0000000015f40000,0x0000000016040000] [id=12696]
  0x0000000016742000 WatcherThread [stack: 0x0000000016c40000,0x0000000016d40000] [id=11636]

VM state:not at safepoint (normal execution)

VM Mutex/Monitor currently owned by a thread: None

Heap:
 PSYoungGen      total 38400K, used 13430K [0x00000000eab00000, 0x00000000ed580000, 0x0000000100000000)
  eden space 33280K, 40% used [0x00000000eab00000,0x00000000eb81da50,0x00000000ecb80000)
  from space 5120K, 0% used [0x00000000ed080000,0x00000000ed080000,0x00000000ed580000)
  to   space 5120K, 0% used [0x00000000ecb80000,0x00000000ecb80000,0x00000000ed080000)
 ParOldGen       total 87552K, used 0K [0x00000000c0000000, 0x00000000c5580000, 0x00000000eab00000)
  object space 87552K, 0% used [0x00000000c0000000,0x00000000c0000000,0x00000000c5580000)
 Metaspace       used 5392K, capacity 6512K, committed 6784K, reserved 1056768K
  class space    used 578K, capacity 616K, committed 640K, reserved 1048576K

Card table byte_map: [0x0000000011bd0000,0x0000000011de0000] byte_map_base: 0x00000000115d0000

Marking Bits: (ParMarkBitMap*) 0x000000006f104040
 Begin Bits: [0x0000000012340000, 0x0000000013340000)
 End Bits:   [0x0000000013340000, 0x0000000014340000)

Polling page: 0x0000000000b20000

CodeCache: size=245760Kb used=2228Kb max_used=2228Kb free=243531Kb
 bounds [0x0000000002810000, 0x0000000002a80000, 0x0000000011810000]
 total_blobs=850 nmethods=581 adapters=182
 compilation: enabled

Compilation events (10 events):
Event: 1.377 Thread 0x0000000014f3c000 nmethod 574 0x0000000002a35e10 code [0x0000000002a35fc0, 0x0000000002a36588]
Event: 1.377 Thread 0x0000000014f3c000  577       3       com.android.dx.ssa.SsaMethod::bitSetFromLabelList (47 bytes)
Event: 1.378 Thread 0x0000000014f3c000 nmethod 577 0x0000000002a351d0 code [0x0000000002a35380, 0x0000000002a35af8]
Event: 1.378 Thread 0x0000000014f3c000  570       3       com.android.dx.ssa.SCCP::simulateBranch (666 bytes)
Event: 1.378 Thread 0x0000000014ee0000  587       4       java.util.HashMap::get (23 bytes)
Event: 1.379 Thread 0x0000000014f31000  588       4       java.util.BitSet::set (58 bytes)
Event: 1.380 Thread 0x0000000014f31000 nmethod 588 0x0000000002a38050 code [0x0000000002a381a0, 0x0000000002a382b8]
Event: 1.381 Thread 0x0000000014f31000  589       4       java.util.BitSet::expandTo (23 bytes)
Event: 1.382 Thread 0x0000000014f31000 nmethod 589 0x0000000002a38410 code [0x0000000002a38540, 0x0000000002a385d8]
Event: 1.382 Thread 0x0000000014f31000  590       4       com.android.dx.ssa.NormalSsaInsn::isNormalMoveInsn (20 bytes)

GC Heap History (0 events):
No events

Deoptimization events (0 events):
No events

Internal exceptions (2 events):
Event: 0.053 Thread 0x000000000243d800 Exception <a 'java/lang/NoSuchMethodError': Method sun.misc.Unsafe.defineClass(Ljava/lang/String;[BII)Ljava/lang/Class; name or signature does not match> (0x00000000eab12f38) thrown at [C:\re\workspace\8-2-build-windows-amd64-cygwin\jdk8u51\3951\hotspot\sr+UJ&à/«?
Event: 0.053 Thread 0x000000000243d800 Exception <a 'java/lang/NoSuchMethodError': Method sun.misc.Unsafe.prefetchRead(Ljava/lang/Object;J)V name or signature does not match> (0x00000000eab131c8) thrown at [C:\re\workspace\8-2-build-windows-amd64-cygwin\jdk8u51\3951\hotspot\src\share\vm\prims\j

Events (10 events):
Event: 1.121 loading class com/android/dx/ssa/PhiInsn$Operand
Event: 1.121 loading class com/android/dx/ssa/PhiInsn$Operand done
Event: 1.128 loading class com/android/dx/ssa/back/FirstFitLocalCombiningAllocator$Multiset
Event: 1.128 loading class com/android/dx/ssa/back/FirstFitLocalCombiningAllocator$Multiset done
Event: 1.133 loading class com/android/dx/cf/code/SwitchList
Event: 1.133 loading class com/android/dx/cf/code/SwitchList done
Event: 1.243 loading class com/android/dx/cf/code/BytecodeArray$ConstantParserVisitor
Event: 1.243 loading class com/android/dx/cf/code/BytecodeArray$ConstantParserVisitor done
Event: 1.275 loading class java/util/DualPivotQuicksort
Event: 1.275 loading class java/util/DualPivotQuicksort done


Dynamic libraries:
0x00007ff652bd0000 - 0x00007ff652c07000 	C:\Program Files\Java\jdk1.8.0_51\bin\java.exe
0x00007ffb9c400000 - 0x00007ffb9c5c1000 	C:\Windows\SYSTEM32\ntdll.dll
0x00007ffb9a090000 - 0x00007ffb9a13d000 	C:\Windows\system32\KERNEL32.DLL
0x00007ffb99840000 - 0x00007ffb99a1d000 	C:\Windows\system32\KERNELBASE.dll
0x00007ffb9a140000 - 0x00007ffb9a1e6000 	C:\Windows\system32\ADVAPI32.dll
0x00007ffb99ca0000 - 0x00007ffb99d3d000 	C:\Windows\system32\msvcrt.dll
0x00007ffb9aa00000 - 0x00007ffb9aa5b000 	C:\Windows\system32\sechost.dll
0x00007ffb9a330000 - 0x00007ffb9a456000 	C:\Windows\system32\RPCRT4.dll
0x00007ffb9a5a0000 - 0x00007ffb9a6ee000 	C:\Windows\system32\USER32.dll
0x00007ffb9c260000 - 0x00007ffb9c3e6000 	C:\Windows\system32\GDI32.dll
0x00007ffb93810000 - 0x00007ffb93a84000 	C:\Windows\WinSxS\amd64_microsoft.windows.common-controls_6595b64144ccf1df_6.0.10240.16384_none_f41f7b285750ef43\COMCTL32.dll
0x00007ffb9c1c0000 - 0x00007ffb9c1f6000 	C:\Windows\system32\IMM32.DLL
0x00007ffb9a840000 - 0x00007ffb9a99c000 	C:\Windows\system32\MSCTF.dll
0x000000006f190000 - 0x000000006f262000 	C:\Program Files\Java\jdk1.8.0_51\jre\bin\msvcr100.dll
0x000000006e900000 - 0x000000006f183000 	C:\Program Files\Java\jdk1.8.0_51\jre\bin\server\jvm.dll
0x00007ffb9aa60000 - 0x00007ffb9aa68000 	C:\Windows\system32\PSAPI.DLL
0x00007ffb8f080000 - 0x00007ffb8f089000 	C:\Windows\SYSTEM32\WSOCK32.dll
0x00007ffb9aa70000 - 0x00007ffb9aad9000 	C:\Windows\system32\WS2_32.dll
0x00007ffb99e00000 - 0x00007ffb99e08000 	C:\Windows\system32\NSI.dll
0x00007ffb974b0000 - 0x00007ffb974d3000 	C:\Windows\SYSTEM32\WINMM.dll
0x00007ffb94770000 - 0x00007ffb9477a000 	C:\Windows\SYSTEM32\VERSION.dll
0x00007ffb97450000 - 0x00007ffb9747c000 	C:\Windows\SYSTEM32\WINMMBASE.dll
0x00007ffb98ed0000 - 0x00007ffb98f14000 	C:\Windows\system32\cfgmgr32.dll
0x00007ffb977a0000 - 0x00007ffb977c7000 	C:\Windows\SYSTEM32\DEVOBJ.dll
0x000000006fe90000 - 0x000000006fe9f000 	C:\Program Files\Java\jdk1.8.0_51\jre\bin\verify.dll
0x000000006fcd0000 - 0x000000006fcf9000 	C:\Program Files\Java\jdk1.8.0_51\jre\bin\java.dll
0x000000006e8e0000 - 0x000000006e8f6000 	C:\Program Files\Java\jdk1.8.0_51\jre\bin\zip.dll
0x00007ffb9ac90000 - 0x00007ffb9c1b2000 	C:\Windows\system32\SHELL32.dll
0x00007ffb99210000 - 0x00007ffb99838000 	C:\Windows\system32\windows.storage.dll
0x00007ffb99e10000 - 0x00007ffb9a08c000 	C:\Windows\system32\combase.dll
0x00007ffb9c200000 - 0x00007ffb9c251000 	C:\Windows\system32\shlwapi.dll
0x00007ffb98ea0000 - 0x00007ffb98eaf000 	C:\Windows\system32\kernel.appcore.dll
0x00007ffb99150000 - 0x00007ffb99203000 	C:\Windows\system32\shcore.dll
0x00007ffb98e30000 - 0x00007ffb98e7a000 	C:\Windows\system32\powrprof.dll
0x00007ffb98eb0000 - 0x00007ffb98ec3000 	C:\Windows\system32\profapi.dll

VM Arguments:
jvm_args: -Djava.awt.headless=true -Xmx1024M -Dfile.encoding=windows-1250 -Duser.country=PL -Duser.language=pl -Duser.variant 
java_command: com.android.dx.command.Main --dex --num-threads=4 --output C:\Users\Nerexis\AndroidStudioProjects\ProjektMyRower\mobile\build\intermediates\pre-dexed\debug\com.android.support-recyclerview-v7-23.1.1_eff60d5362ad79934b8cd07def957195cbeaf221.jar C:\Users\Nerexis\AndroidStudioProjects\ProjektMyRower\mobile\build\intermediates\exploded-aar\com.android.support\recyclerview-v7\23.1.1\jars\classes.jar
java_class_path (initial): E:\Programy\Android_SDK\build-tools\23.0.1\lib\dx.jar
Launcher Type: SUN_STANDARD

Environment Variables:
PATH=C:\ProgramData\Oracle\Java\javapath;E:\Engine\Engine\gtkmm64\bin;C:\Program Files (x86)\Skype\Phone\;C:\Program Files\Microsoft SQL Server\110\Tools\Binn\;C:\Program Files (x86)\Microsoft SDKs\TypeScript\1.0\;C:\Program Files (x86)\Windows Kits\10\Windows Performance Toolkit\;C:\Program Files (x86)\Microsoft Emulator Manager\1.0\;C:\Program Files\OpenVPN\bin;C:\Users\Nerexis\.dnx\bin;C:\Program Files\Intel\WiFi\bin\;C:\Program Files\Common Files\Intel\WirelessCommon\;C:\Users\Nerexis\AppData\Roaming\npm;C:\Program Files (x86)\Microsoft Visual Studio 12.0\VC
USERNAME=Nerexis
OS=Windows_NT
PROCESSOR_IDENTIFIER=Intel64 Family 6 Model 58 Stepping 9, GenuineIntel



---------------  S Y S T E M  ---------------

OS: Windows 10.0 , 64 bit Build 10240 (10.0.10240.16384)

CPU:total 4 (2 cores per cpu, 2 threads per core) family 6 model 58 stepping 9, cmov, cx8, fxsr, mmx, sse, sse2, sse3, ssse3, sse4.1, sse4.2, popcnt, avx, aes, clmul, erms, ht, tsc, tscinvbit, tscinv

Memory: 4k page, physical 8283076k(1964728k free), swap 14427076k(5132k free)

vm_info: Java HotSpot(TM) 64-Bit Server VM (25.51-b03) for windows-amd64 JRE (1.8.0_51-b16), built on Jun  8 2015 18:03:07 by "java_re" with MS VC++ 10.0 (VS2010)

time: Mon Jan 25 19:09:05 2016
elapsed time: 1 seconds (0d 0h 0m 1s)

