#
# There is insufficient memory for the Java Runtime Environment to continue.
# Native memory allocation (malloc) failed to allocate 559616 bytes for Chunk::new
# Possible reasons:
#   The system is out of physical RAM or swap space
#   In 32 bit mode, the process size limit was hit
# Possible solutions:
#   Reduce memory load on the system
#   Increase physical memory or swap space
#   Check if swap backing store is full
#   Use 64 bit Java on a 64 bit OS
#   Decrease Java heap size (-Xmx/-Xms)
#   Decrease number of Java threads
#   Decrease Java thread stack sizes (-Xss)
#   Set larger code cache with -XX:ReservedCodeCacheSize=
# This output file may be truncated or incomplete.
#
#  Out of Memory Error (allocation.cpp:390), pid=9244, tid=11188
#
# JRE version: Java(TM) SE Runtime Environment (8.0_51-b16) (build 1.8.0_51-b16)
# Java VM: Java HotSpot(TM) 64-Bit Server VM (25.51-b03 mixed mode windows-amd64 compressed oops)
# Failed to write core dump. Minidumps are not enabled by default on client versions of Windows
#

---------------  T H R E A D  ---------------

Current thread (0x0000000014f0f000):  JavaThread "C2 CompilerThread0" daemon [_thread_in_native, id=11188, stack(0x0000000016470000,0x0000000016570000)]

Stack: [0x0000000016470000,0x0000000016570000]
Native frames: (J=compiled Java code, j=interpreted, Vv=VM code, C=native code)
V  [jvm.dll+0x32b4ca]
V  [jvm.dll+0x2797e3]
V  [jvm.dll+0x27a479]
V  [jvm.dll+0x271765]
V  [jvm.dll+0xcba02]
V  [jvm.dll+0xcbecc]
V  [jvm.dll+0x476f72]
V  [jvm.dll+0x4b95ff]
V  [jvm.dll+0x46bb38]
V  [jvm.dll+0x46cd4e]
V  [jvm.dll+0x4501a2]
V  [jvm.dll+0xa43a2]
V  [jvm.dll+0xa4cdf]
V  [jvm.dll+0x2418a4]
V  [jvm.dll+0x29846a]
C  [msvcr100.dll+0x21d9f]
C  [msvcr100.dll+0x21e3b]
C  [KERNEL32.DLL+0x12d92]
C  [ntdll.dll+0x9f64]


Current CompileTask:
C2:  24576 2062       4       com.android.dx.cf.code.BasicBlocker::visitNoArgs (298 bytes)


---------------  P R O C E S S  ---------------

Java Threads: ( => current thread )
  0x00000000168e6000 JavaThread "pool-1-thread-4" [_thread_blocked, id=164, stack(0x0000000017170000,0x0000000017270000)]
  0x00000000168f6000 JavaThread "pool-1-thread-3" [_thread_blocked, id=12496, stack(0x0000000017070000,0x0000000017170000)]
  0x00000000168d8000 JavaThread "pool-1-thread-2" [_thread_in_Java, id=1428, stack(0x0000000016f70000,0x0000000017070000)]
  0x00000000168d4000 JavaThread "pool-2-thread-1" [_thread_blocked, id=12892, stack(0x0000000016e70000,0x0000000016f70000)]
  0x00000000168d3800 JavaThread "pool-1-thread-1" [_thread_blocked, id=4964, stack(0x0000000016d70000,0x0000000016e70000)]
  0x0000000016675000 JavaThread "Service Thread" daemon [_thread_blocked, id=11380, stack(0x0000000016b70000,0x0000000016c70000)]
  0x0000000014f6e000 JavaThread "C1 CompilerThread2" daemon [_thread_in_native, id=12404, stack(0x0000000016a70000,0x0000000016b70000)]
  0x0000000014f6b000 JavaThread "C2 CompilerThread1" daemon [_thread_in_native, id=9300, stack(0x0000000016570000,0x0000000016670000)]
=>0x0000000014f0f000 JavaThread "C2 CompilerThread0" daemon [_thread_in_native, id=11188, stack(0x0000000016470000,0x0000000016570000)]
  0x0000000014f0b000 JavaThread "Attach Listener" daemon [_thread_blocked, id=9332, stack(0x0000000016370000,0x0000000016470000)]
  0x0000000014f09800 JavaThread "Signal Dispatcher" daemon [_thread_blocked, id=11320, stack(0x0000000016270000,0x0000000016370000)]
  0x0000000002831000 JavaThread "Finalizer" daemon [_thread_blocked, id=12688, stack(0x0000000016170000,0x0000000016270000)]
  0x000000000282e000 JavaThread "Reference Handler" daemon [_thread_blocked, id=11792, stack(0x0000000016070000,0x0000000016170000)]
  0x000000000273d800 JavaThread "main" [_thread_in_Java, id=12092, stack(0x00000000024b0000,0x00000000025b0000)]

Other Threads:
  0x0000000014ed7800 VMThread [stack: 0x0000000015f70000,0x0000000016070000] [id=8604]
  0x0000000016676800 WatcherThread [stack: 0x0000000016c70000,0x0000000016d70000] [id=4340]

VM state:not at safepoint (normal execution)

VM Mutex/Monitor currently owned by a thread: None

Heap:
 PSYoungGen      total 220160K, used 168726K [0x00000000eab00000, 0x00000000fdb80000, 0x0000000100000000)
  eden space 150528K, 65% used [0x00000000eab00000,0x00000000f0bccf00,0x00000000f3e00000)
  from space 69632K, 99% used [0x00000000f3e00000,0x00000000f81f89e0,0x00000000f8200000)
  to   space 55808K, 0% used [0x00000000f8200000,0x00000000f8200000,0x00000000fb880000)
 ParOldGen       total 199680K, used 130229K [0x00000000c0000000, 0x00000000cc300000, 0x00000000eab00000)
  object space 199680K, 65% used [0x00000000c0000000,0x00000000c7f2d6d0,0x00000000cc300000)
 Metaspace       used 6251K, capacity 7156K, committed 7296K, reserved 1056768K
  class space    used 605K, capacity 620K, committed 640K, reserved 1048576K

Card table byte_map: [0x0000000011c00000,0x0000000011e10000] byte_map_base: 0x0000000011600000

Marking Bits: (ParMarkBitMap*) 0x000000006f104040
 Begin Bits: [0x0000000012370000, 0x0000000013370000)
 End Bits:   [0x0000000013370000, 0x0000000014370000)

Polling page: 0x0000000000f00000

CodeCache: size=245760Kb used=9993Kb max_used=9993Kb free=235766Kb
 bounds [0x0000000002840000, 0x0000000003210000, 0x0000000011840000]
 total_blobs=2294 nmethods=2024 adapters=182
 compilation: enabled

Compilation events (10 events):
Event: 24.500 Thread 0x0000000014f6e000 nmethod 2058 0x0000000003196410 code [0x00000000031965c0, 0x0000000003196c78]
Event: 24.500 Thread 0x0000000014f6e000 2057       1       com.android.dx.rop.cst.CstLong::getType (4 bytes)
Event: 24.500 Thread 0x0000000014f6e000 nmethod 2057 0x0000000002960e90 code [0x0000000002960fe0, 0x00000000029610f0]
Event: 24.500 Thread 0x0000000014f6e000 2056       3       com.android.dx.cf.code.Ropper::getFirstTempStackReg (20 bytes)
Event: 24.501 Thread 0x0000000014f6e000 nmethod 2056 0x0000000003195a50 code [0x0000000003195be0, 0x00000000031961c8]
Event: 24.505 Thread 0x0000000014f0f000 nmethod 2059 0x0000000003200010 code [0x0000000003200160, 0x00000000032004d8]
Event: 24.507 Thread 0x0000000014f6b000 2061       4       com.android.dx.cf.code.ByteCatchList::toTargetList (114 bytes)
Event: 24.516 Thread 0x0000000014f0f000 2062       4       com.android.dx.cf.code.BasicBlocker::visitNoArgs (298 bytes)
Event: 24.527 Thread 0x0000000014f6b000 nmethod 2061 0x00000000031fd490 code [0x00000000031fd640, 0x00000000031fe298]
Event: 24.527 Thread 0x0000000014f6b000 2064       4       com.android.dx.cf.code.BasicBlocker::visitConstant (39 bytes)

GC Heap History (10 events):
Event: 16.920 GC heap before
{Heap before GC invocations=7 (full 1):
 PSYoungGen      total 71680K, used 66560K [0x00000000eab00000, 0x00000000f6b00000, 0x0000000100000000)
  eden space 66560K, 100% used [0x00000000eab00000,0x00000000eec00000,0x00000000eec00000)
  from space 5120K, 0% used [0x00000000eec00000,0x00000000eec00000,0x00000000ef100000)
  to   space 31744K, 0% used [0x00000000f4c00000,0x00000000f4c00000,0x00000000f6b00000)
 ParOldGen       total 89600K, used 17497K [0x00000000c0000000, 0x00000000c5780000, 0x00000000eab00000)
  object space 89600K, 19% used [0x00000000c0000000,0x00000000c1116688,0x00000000c5780000)
 Metaspace       used 6232K, capacity 7156K, committed 7296K, reserved 1056768K
  class space    used 605K, capacity 620K, committed 640K, reserved 1048576K
Event: 16.940 GC heap after
Heap after GC invocations=7 (full 1):
 PSYoungGen      total 122880K, used 17749K [0x00000000eab00000, 0x00000000f5d80000, 0x0000000100000000)
  eden space 104960K, 0% used [0x00000000eab00000,0x00000000eab00000,0x00000000f1180000)
  from space 17920K, 99% used [0x00000000f4c00000,0x00000000f5d55520,0x00000000f5d80000)
  to   space 29696K, 0% used [0x00000000f2380000,0x00000000f2380000,0x00000000f4080000)
 ParOldGen       total 89600K, used 17497K [0x00000000c0000000, 0x00000000c5780000, 0x00000000eab00000)
  object space 89600K, 19% used [0x00000000c0000000,0x00000000c1116688,0x00000000c5780000)
 Metaspace       used 6232K, capacity 7156K, committed 7296K, reserved 1056768K
  class space    used 605K, capacity 620K, committed 640K, reserved 1048576K
}
Event: 19.370 GC heap before
{Heap before GC invocations=8 (full 1):
 PSYoungGen      total 122880K, used 122709K [0x00000000eab00000, 0x00000000f5d80000, 0x0000000100000000)
  eden space 104960K, 100% used [0x00000000eab00000,0x00000000f1180000,0x00000000f1180000)
  from space 17920K, 99% used [0x00000000f4c00000,0x00000000f5d55520,0x00000000f5d80000)
  to   space 29696K, 0% used [0x00000000f2380000,0x00000000f2380000,0x00000000f4080000)
 ParOldGen       total 89600K, used 17497K [0x00000000c0000000, 0x00000000c5780000, 0x00000000eab00000)
  object space 89600K, 19% used [0x00000000c0000000,0x00000000c1116688,0x00000000c5780000)
 Metaspace       used 6238K, capacity 7156K, committed 7296K, reserved 1056768K
  class space    used 605K, capacity 620K, committed 640K, reserved 1048576K
Event: 19.780 GC heap after
Heap after GC invocations=8 (full 1):
 PSYoungGen      total 153088K, used 29669K [0x00000000eab00000, 0x00000000fb880000, 0x0000000100000000)
  eden space 123392K, 0% used [0x00000000eab00000,0x00000000eab00000,0x00000000f2380000)
  from space 29696K, 99% used [0x00000000f2380000,0x00000000f4079708,0x00000000f4080000)
  to   space 55808K, 0% used [0x00000000f8200000,0x00000000f8200000,0x00000000fb880000)
 ParOldGen       total 89600K, used 61023K [0x00000000c0000000, 0x00000000c5780000, 0x00000000eab00000)
  object space 89600K, 68% used [0x00000000c0000000,0x00000000c3b97c08,0x00000000c5780000)
 Metaspace       used 6238K, capacity 7156K, committed 7296K, reserved 1056768K
  class space    used 605K, capacity 620K, committed 640K, reserved 1048576K
}
Event: 19.780 GC heap before
{Heap before GC invocations=9 (full 2):
 PSYoungGen      total 153088K, used 29669K [0x00000000eab00000, 0x00000000fb880000, 0x0000000100000000)
  eden space 123392K, 0% used [0x00000000eab00000,0x00000000eab00000,0x00000000f2380000)
  from space 29696K, 99% used [0x00000000f2380000,0x00000000f4079708,0x00000000f4080000)
  to   space 55808K, 0% used [0x00000000f8200000,0x00000000f8200000,0x00000000fb880000)
 ParOldGen       total 89600K, used 61023K [0x00000000c0000000, 0x00000000c5780000, 0x00000000eab00000)
  object space 89600K, 68% used [0x00000000c0000000,0x00000000c3b97c08,0x00000000c5780000)
 Metaspace       used 6238K, capacity 7156K, committed 7296K, reserved 1056768K
  class space    used 605K, capacity 620K, committed 640K, reserved 1048576K
Event: 21.614 GC heap after
Heap after GC invocations=9 (full 2):
 PSYoungGen      total 153088K, used 0K [0x00000000eab00000, 0x00000000fb880000, 0x0000000100000000)
  eden space 123392K, 0% used [0x00000000eab00000,0x00000000eab00000,0x00000000f2380000)
  from space 29696K, 0% used [0x00000000f2380000,0x00000000f2380000,0x00000000f4080000)
  to   space 55808K, 0% used [0x00000000f8200000,0x00000000f8200000,0x00000000fb880000)
 ParOldGen       total 199680K, used 88650K [0x00000000c0000000, 0x00000000cc300000, 0x00000000eab00000)
  object space 199680K, 44% used [0x00000000c0000000,0x00000000c5692940,0x00000000cc300000)
 Metaspace       used 6238K, capacity 7156K, committed 7296K, reserved 1056768K
  class space    used 605K, capacity 620K, committed 640K, reserved 1048576K
}
Event: 21.849 GC heap before
{Heap before GC invocations=10 (full 2):
 PSYoungGen      total 153088K, used 123392K [0x00000000eab00000, 0x00000000fb880000, 0x0000000100000000)
  eden space 123392K, 100% used [0x00000000eab00000,0x00000000f2380000,0x00000000f2380000)
  from space 29696K, 0% used [0x00000000f2380000,0x00000000f2380000,0x00000000f4080000)
  to   space 55808K, 0% used [0x00000000f8200000,0x00000000f8200000,0x00000000fb880000)
 ParOldGen       total 199680K, used 88650K [0x00000000c0000000, 0x00000000cc300000, 0x00000000eab00000)
  object space 199680K, 44% used [0x00000000c0000000,0x00000000c5692940,0x00000000cc300000)
 Metaspace       used 6238K, capacity 7156K, committed 7296K, reserved 1056768K
  class space    used 605K, capacity 620K, committed 640K, reserved 1048576K
Event: 22.003 GC heap after
Heap after GC invocations=10 (full 2):
 PSYoungGen      total 206336K, used 55792K [0x00000000eab00000, 0x00000000fdb80000, 0x0000000100000000)
  eden space 150528K, 0% used [0x00000000eab00000,0x00000000eab00000,0x00000000f3e00000)
  from space 55808K, 99% used [0x00000000f8200000,0x00000000fb87c3b8,0x00000000fb880000)
  to   space 69632K, 0% used [0x00000000f3e00000,0x00000000f3e00000,0x00000000f8200000)
 ParOldGen       total 199680K, used 98338K [0x00000000c0000000, 0x00000000cc300000, 0x00000000eab00000)
  object space 199680K, 49% used [0x00000000c0000000,0x00000000c6008940,0x00000000cc300000)
 Metaspace       used 6238K, capacity 7156K, committed 7296K, reserved 1056768K
  class space    used 605K, capacity 620K, committed 640K, reserved 1048576K
}
Event: 23.335 GC heap before
{Heap before GC invocations=11 (full 2):
 PSYoungGen      total 206336K, used 206320K [0x00000000eab00000, 0x00000000fdb80000, 0x0000000100000000)
  eden space 150528K, 100% used [0x00000000eab00000,0x00000000f3e00000,0x00000000f3e00000)
  from space 55808K, 99% used [0x00000000f8200000,0x00000000fb87c3b8,0x00000000fb880000)
  to   space 69632K, 0% used [0x00000000f3e00000,0x00000000f3e00000,0x00000000f8200000)
 ParOldGen       total 199680K, used 98338K [0x00000000c0000000, 0x00000000cc300000, 0x00000000eab00000)
  object space 199680K, 49% used [0x00000000c0000000,0x00000000c6008940,0x00000000cc300000)
 Metaspace       used 6238K, capacity 7156K, committed 7296K, reserved 1056768K
  class space    used 605K, capacity 620K, committed 640K, reserved 1048576K
Event: 23.524 GC heap after
Heap after GC invocations=11 (full 2):
 PSYoungGen      total 220160K, used 69602K [0x00000000eab00000, 0x00000000fdb80000, 0x0000000100000000)
  eden space 150528K, 0% used [0x00000000eab00000,0x00000000eab00000,0x00000000f3e00000)
  from space 69632K, 99% used [0x00000000f3e00000,0x00000000f81f89e0,0x00000000f8200000)
  to   space 55808K, 0% used [0x00000000f8200000,0x00000000f8200000,0x00000000fb880000)
 ParOldGen       total 199680K, used 130229K [0x00000000c0000000, 0x00000000cc300000, 0x00000000eab00000)
  object space 199680K, 65% used [0x00000000c0000000,0x00000000c7f2d6d0,0x00000000cc300000)
 Metaspace       used 6238K, capacity 7156K, committed 7296K, reserved 1056768K
  class space    used 605K, capacity 620K, committed 640K, reserved 1048576K
}

Deoptimization events (10 events):
Event: 16.535 Thread 0x000000000273d800 Uncommon trap: reason=bimorphic action=maybe_recompile pc=0x00000000030a92a0 method=com.android.dx.cf.code.BytecodeArray.parseInstruction(ILcom/android/dx/cf/code/BytecodeArray$Visitor;)I @ 923
Event: 16.536 Thread 0x000000000273d800 Uncommon trap: reason=class_check action=maybe_recompile pc=0x0000000002e88614 method=com.android.dx.cf.code.Ropper.processBlock(Lcom/android/dx/cf/code/ByteBlock;Lcom/android/dx/cf/code/Frame;[I)V @ 777
Event: 16.537 Thread 0x000000000273d800 Uncommon trap: reason=bimorphic action=maybe_recompile pc=0x00000000030a87a4 method=com.android.dx.cf.code.BytecodeArray.parseInstruction(ILcom/android/dx/cf/code/BytecodeArray$Visitor;)I @ 2484
Event: 16.537 Thread 0x000000000273d800 Uncommon trap: reason=bimorphic action=maybe_recompile pc=0x00000000030a87a4 method=com.android.dx.cf.code.BytecodeArray.parseInstruction(ILcom/android/dx/cf/code/BytecodeArray$Visitor;)I @ 2484
Event: 16.865 Thread 0x000000000273d800 Uncommon trap: reason=unstable_if action=reinterpret pc=0x0000000002dcd3c0 method=com.android.dx.ssa.SCCP.simulateStmt(Lcom/android/dx/ssa/SsaInsn;)V @ 59
Event: 16.971 Thread 0x00000000168d3800 Uncommon trap: reason=speculate_class_check action=maybe_recompile pc=0x00000000030e1a40 method=com.android.dx.rop.cst.TypedConstant.getBasicType()I @ 1
Event: 17.322 Thread 0x00000000168d3800 Uncommon trap: reason=unstable_if action=reinterpret pc=0x0000000002e980c8 method=java.util.HashMap.resize()[Ljava/util/HashMap$Node; @ 206
Event: 24.486 Thread 0x00000000168f6000 Uncommon trap: reason=unstable_if action=reinterpret pc=0x0000000003054154 method=com.android.dx.cf.code.ByteCatchList.typeNotFound(Lcom/android/dx/cf/code/ByteCatchList$Item;[Lcom/android/dx/cf/code/ByteCatchList$Item;I)Z @ 34
Event: 24.486 Thread 0x00000000168f6000 Uncommon trap: reason=unstable_if action=reinterpret pc=0x000000000304e5d8 method=com.android.dx.cf.code.ByteCatchList.typeNotFound(Lcom/android/dx/cf/code/ByteCatchList$Item;[Lcom/android/dx/cf/code/ByteCatchList$Item;I)Z @ 34
Event: 24.487 Thread 0x00000000168f6000 Uncommon trap: reason=unstable_if action=reinterpret pc=0x000000000303e5f0 method=com.android.dx.cf.code.ByteCatchList.typeNotFound(Lcom/android/dx/cf/code/ByteCatchList$Item;[Lcom/android/dx/cf/code/ByteCatchList$Item;I)Z @ 34

Internal exceptions (6 events):
Event: 3.172 Thread 0x000000000273d800 Exception <a 'java/lang/NoSuchMethodError': Method sun.misc.Unsafe.defineClass(Ljava/lang/String;[BII)Ljava/lang/Class; name or signature does not match> (0x00000000eab12f38) thrown at [C:\re\workspace\8-2-build-windows-amd64-cygwin\jdk8u51\3951\hotspot\srW®º#î_	@
Event: 3.172 Thread 0x000000000273d800 Exception <a 'java/lang/NoSuchMethodError': Method sun.misc.Unsafe.prefetchRead(Ljava/lang/Object;J)V name or signature does not match> (0x00000000eab131c8) thrown at [C:\re\workspace\8-2-build-windows-amd64-cygwin\jdk8u51\3951\hotspot\src\share\vm\prims\j“/GÅ∏Ë@
Event: 5.477 Thread 0x00000000168e6000 Implicit null exception at 0x0000000002b4cce2 to 0x0000000002b4cdd2
Event: 16.129 Thread 0x00000000168d8000 Exception <a 'java/lang/ArrayIndexOutOfBoundsException': 18> (0x00000000ec86f5f0) thrown at [C:\re\workspace\8-2-build-windows-amd64-cygwin\jdk8u51\3951\hotspot\src\share\vm\interpreter\interpreterRuntime.cpp, line 366]
Event: 16.129 Thread 0x00000000168d8000 Exception <a 'java/lang/ArrayIndexOutOfBoundsException': 145> (0x00000000ec8710c0) thrown at [C:\re\workspace\8-2-build-windows-amd64-cygwin\jdk8u51\3951\hotspot\src\share\vm\interpreter\interpreterRuntime.cpp, line 366]
Event: 16.130 Thread 0x00000000168d8000 Exception <a 'java/lang/ArrayIndexOutOfBoundsException'> (0x00000000ec8722f8) thrown at [C:\re\workspace\8-2-build-windows-amd64-cygwin\jdk8u51\3951\hotspot\src\share\vm\runtime\sharedRuntime.cpp, line 605]

Events (10 events):
Event: 24.486 Thread 0x00000000168f6000 Uncommon trap: trap_request=0xffffff65 fr.pc=0x000000000304e5d8
Event: 24.486 Thread 0x00000000168f6000 DEOPT PACKING pc=0x000000000304e5d8 sp=0x000000001716eaa0
Event: 24.487 Thread 0x00000000168f6000 DEOPT UNPACKING pc=0x000000000288582a sp=0x000000001716e9b8 mode 2
Event: 24.487 Thread 0x00000000168f6000 Uncommon trap: trap_request=0xffffff65 fr.pc=0x000000000303e5f0
Event: 24.487 Thread 0x00000000168f6000 DEOPT PACKING pc=0x000000000303e5f0 sp=0x000000001716ea90
Event: 24.487 Thread 0x00000000168f6000 DEOPT UNPACKING pc=0x000000000288582a sp=0x000000001716e9b8 mode 2
Event: 24.519 Thread 0x00000000168d8000 DEOPT PACKING pc=0x0000000002cc38ae sp=0x000000001706e580
Event: 24.519 Thread 0x00000000168d8000 DEOPT UNPACKING pc=0x000000000288787f sp=0x000000001706e2e0 mode 0
Event: 24.522 Thread 0x00000000168d8000 DEOPT PACKING pc=0x0000000002cc6161 sp=0x000000001706e5e0
Event: 24.522 Thread 0x00000000168d8000 DEOPT UNPACKING pc=0x000000000288787f sp=0x000000001706e370 mode 0


Dynamic libraries:
0x00007ff652bd0000 - 0x00007ff652c07000 	C:\Program Files\Java\jdk1.8.0_51\bin\java.exe
0x00007ffb9c400000 - 0x00007ffb9c5c1000 	C:\Windows\SYSTEM32\ntdll.dll
0x00007ffb9a090000 - 0x00007ffb9a13d000 	C:\Windows\system32\KERNEL32.DLL
0x00007ffb99840000 - 0x00007ffb99a1d000 	C:\Windows\system32\KERNELBASE.dll
0x00007ffb9a140000 - 0x00007ffb9a1e6000 	C:\Windows\system32\ADVAPI32.dll
0x00007ffb99ca0000 - 0x00007ffb99d3d000 	C:\Windows\system32\msvcrt.dll
0x00007ffb9aa00000 - 0x00007ffb9aa5b000 	C:\Windows\system32\sechost.dll
0x00007ffb9a330000 - 0x00007ffb9a456000 	C:\Windows\system32\RPCRT4.dll
0x00007ffb9a5a0000 - 0x00007ffb9a6ee000 	C:\Windows\system32\USER32.dll
0x00007ffb9c260000 - 0x00007ffb9c3e6000 	C:\Windows\system32\GDI32.dll
0x00007ffb93810000 - 0x00007ffb93a84000 	C:\Windows\WinSxS\amd64_microsoft.windows.common-controls_6595b64144ccf1df_6.0.10240.16384_none_f41f7b285750ef43\COMCTL32.dll
0x00007ffb9c1c0000 - 0x00007ffb9c1f6000 	C:\Windows\system32\IMM32.DLL
0x00007ffb9a840000 - 0x00007ffb9a99c000 	C:\Windows\system32\MSCTF.dll
0x000000006f190000 - 0x000000006f262000 	C:\Program Files\Java\jdk1.8.0_51\jre\bin\msvcr100.dll
0x000000006e900000 - 0x000000006f183000 	C:\Program Files\Java\jdk1.8.0_51\jre\bin\server\jvm.dll
0x00007ffb9aa60000 - 0x00007ffb9aa68000 	C:\Windows\system32\PSAPI.DLL
0x00007ffb8f080000 - 0x00007ffb8f089000 	C:\Windows\SYSTEM32\WSOCK32.dll
0x00007ffb9aa70000 - 0x00007ffb9aad9000 	C:\Windows\system32\WS2_32.dll
0x00007ffb99e00000 - 0x00007ffb99e08000 	C:\Windows\system32\NSI.dll
0x00007ffb974b0000 - 0x00007ffb974d3000 	C:\Windows\SYSTEM32\WINMM.dll
0x00007ffb94770000 - 0x00007ffb9477a000 	C:\Windows\SYSTEM32\VERSION.dll
0x00007ffb97450000 - 0x00007ffb9747c000 	C:\Windows\SYSTEM32\WINMMBASE.dll
0x00007ffb98ed0000 - 0x00007ffb98f14000 	C:\Windows\system32\cfgmgr32.dll
0x00007ffb977a0000 - 0x00007ffb977c7000 	C:\Windows\SYSTEM32\DEVOBJ.dll
0x000000006fe90000 - 0x000000006fe9f000 	C:\Program Files\Java\jdk1.8.0_51\jre\bin\verify.dll
0x000000006fcd0000 - 0x000000006fcf9000 	C:\Program Files\Java\jdk1.8.0_51\jre\bin\java.dll
0x000000006e8e0000 - 0x000000006e8f6000 	C:\Program Files\Java\jdk1.8.0_51\jre\bin\zip.dll
0x00007ffb9ac90000 - 0x00007ffb9c1b2000 	C:\Windows\system32\SHELL32.dll
0x00007ffb99210000 - 0x00007ffb99838000 	C:\Windows\system32\windows.storage.dll
0x00007ffb99e10000 - 0x00007ffb9a08c000 	C:\Windows\system32\combase.dll
0x00007ffb9c200000 - 0x00007ffb9c251000 	C:\Windows\system32\shlwapi.dll
0x00007ffb98ea0000 - 0x00007ffb98eaf000 	C:\Windows\system32\kernel.appcore.dll
0x00007ffb99150000 - 0x00007ffb99203000 	C:\Windows\system32\shcore.dll
0x00007ffb98e30000 - 0x00007ffb98e7a000 	C:\Windows\system32\powrprof.dll
0x00007ffb98eb0000 - 0x00007ffb98ec3000 	C:\Windows\system32\profapi.dll
0x00007ffb90170000 - 0x00007ffb902fa000 	C:\Windows\SYSTEM32\dbghelp.dll

VM Arguments:
jvm_args: -Djava.awt.headless=true -Xmx1024M -Dfile.encoding=windows-1250 -Duser.country=PL -Duser.language=pl -Duser.variant 
java_command: com.android.dx.command.Main --dex --num-threads=4 --output C:\Users\Nerexis\AndroidStudioProjects\ProjektMyRower\mobile\build\intermediates\pre-dexed\debug\com.google.android.gms-play-services-ads-8.4.0_cded9272b05d4b32ccdfe4a111cfcbe955f401be.jar C:\Users\Nerexis\AndroidStudioProjects\ProjektMyRower\mobile\build\intermediates\exploded-aar\com.google.android.gms\play-services-ads\8.4.0\jars\classes.jar
java_class_path (initial): E:\Programy\Android_SDK\build-tools\23.0.1\lib\dx.jar
Launcher Type: SUN_STANDARD

Environment Variables:
PATH=C:\ProgramData\Oracle\Java\javapath;E:\Engine\Engine\gtkmm64\bin;C:\Program Files (x86)\Skype\Phone\;C:\Program Files\Microsoft SQL Server\110\Tools\Binn\;C:\Program Files (x86)\Microsoft SDKs\TypeScript\1.0\;C:\Program Files (x86)\Windows Kits\10\Windows Performance Toolkit\;C:\Program Files (x86)\Microsoft Emulator Manager\1.0\;C:\Program Files\OpenVPN\bin;C:\Users\Nerexis\.dnx\bin;C:\Program Files\Intel\WiFi\bin\;C:\Program Files\Common Files\Intel\WirelessCommon\;C:\Users\Nerexis\AppData\Roaming\npm;C:\Program Files (x86)\Microsoft Visual Studio 12.0\VC
USERNAME=Nerexis
OS=Windows_NT
PROCESSOR_IDENTIFIER=Intel64 Family 6 Model 58 Stepping 9, GenuineIntel



---------------  S Y S T E M  ---------------

OS: Windows 10.0 , 64 bit Build 10240 (10.0.10240.16384)

CPU:total 4 (2 cores per cpu, 2 threads per core) family 6 model 58 stepping 9, cmov, cx8, fxsr, mmx, sse, sse2, sse3, ssse3, sse4.1, sse4.2, popcnt, avx, aes, clmul, erms, ht, tsc, tscinvbit, tscinv

Memory: 4k page, physical 8283076k(2123744k free), swap 14427076k(9648k free)

vm_info: Java HotSpot(TM) 64-Bit Server VM (25.51-b03) for windows-amd64 JRE (1.8.0_51-b16), built on Jun  8 2015 18:03:07 by "java_re" with MS VC++ 10.0 (VS2010)

time: Mon Jan 25 19:06:59 2016
elapsed time: 24 seconds (0d 0h 0m 24s)

